2025-03-29 14:36:48,206 - bot_logger - INFO - РљРѕРјР°РЅРґР° /start
2025-03-31 23:34:30,763 - bot_logger - INFO - РљРѕРјР°РЅРґР° /start
2025-03-31 23:35:19,223 - bot_logger - INFO - РљРѕРјР°РЅРґР° /start
2025-04-01 01:46:12,047 - bot_logger - INFO - РљРѕРјР°РЅРґР° /start
2025-04-01 01:47:23,623 - bot_logger - INFO - РљРѕРјР°РЅРґР° /start
2025-04-01 01:57:47,887 - bot_logger - INFO - РљРѕРјР°РЅРґР° /start
2025-04-01 01:58:27,139 - bot_logger - INFO - РљРѕРјР°РЅРґР° /start
2025-04-01 02:01:35,115 - bot_logger - INFO - РљРѕРјР°РЅРґР° /start
2025-04-01 23:46:00,166 - bot_logger - INFO - РљРѕРјР°РЅРґР° /start
2025-04-02 00:05:35,448 - bot_logger - INFO - РљРѕРјР°РЅРґР° /start
2025-04-02 00:25:49,488 - bot_logger - INFO - РљРѕРјР°РЅРґР° /start
2025-04-02 00:38:41,027 - bot_logger - INFO - РљРѕРјР°РЅРґР° /start
2025-04-02 00:39:54,948 - bot_logger - INFO - РљРѕРјР°РЅРґР° /start
2025-04-02 00:46:41,203 - bot_logger - INFO - РљРѕРјР°РЅРґР° /start
2025-04-02 00:47:04,798 - bot_logger - INFO - РљРѕРјР°РЅРґР° /start
2025-04-02 00:48:37,212 - bot_logger - INFO - РљРѕРјР°РЅРґР° /start
2025-04-02 01:04:19,110 - bot_logger - INFO - РљРѕРјР°РЅРґР° /start
2025-04-04 15:11:13,861 - bot_logger - INFO - пїЅпїЅпїЅпїЅпїЅпїЅпїЅ /start
2025-04-04 18:49:04,019 - bot_logger - INFO - пїЅпїЅпїЅпїЅпїЅпїЅпїЅ /start
2025-04-04 23:46:52,097 - bot_logger - INFO - пїЅпїЅпїЅпїЅпїЅпїЅпїЅ /start
2025-04-04 23:47:45,768 - bot_logger - INFO - пїЅпїЅпїЅпїЅпїЅпїЅпїЅ /start
2025-04-04 23:49:54,229 - bot_logger - INFO - пїЅпїЅпїЅпїЅпїЅпїЅпїЅ /start
2025-04-04 23:54:01,237 - bot_logger - INFO - пїЅпїЅпїЅпїЅпїЅпїЅпїЅ /start
2025-04-05 12:25:20,106 - bot_logger - INFO - пїЅпїЅпїЅпїЅпїЅпїЅпїЅ /start
2025-04-05 12:26:12,724 - bot_logger - INFO - пїЅпїЅпїЅпїЅпїЅпїЅпїЅ /start
2025-04-05 12:27:08,224 - bot_logger - INFO - пїЅпїЅпїЅпїЅпїЅпїЅпїЅ /start
2025-04-05 12:44:58,949 - bot_logger - INFO - пїЅпїЅпїЅпїЅпїЅпїЅпїЅ /start
2025-04-05 13:07:08,198 - bot_logger - INFO - пїЅпїЅпїЅпїЅпїЅпїЅпїЅ /start
2025-04-05 13:10:18,356 - bot_logger - INFO - пїЅпїЅпїЅпїЅпїЅпїЅпїЅ /start
2025-04-05 13:12:09,566 - bot_logger - INFO - пїЅпїЅпїЅпїЅпїЅпїЅпїЅ /start
2025-04-05 13:16:57,657 - bot_logger - INFO - пїЅпїЅпїЅпїЅпїЅпїЅпїЅ /start
2025-04-05 13:22:10,208 - bot_logger - INFO - пїЅпїЅпїЅпїЅпїЅпїЅпїЅ /start
2025-04-05 13:27:31,087 - bot_logger - INFO - пїЅпїЅпїЅпїЅпїЅпїЅпїЅ /start
2025-04-05 13:30:45,585 - bot_logger - INFO - пїЅпїЅпїЅпїЅпїЅпїЅпїЅ /start
2025-04-05 13:33:46,594 - bot_logger - INFO - пїЅпїЅпїЅпїЅпїЅпїЅпїЅ /start
2025-04-05 13:47:51,778 - bot_logger - INFO - пїЅпїЅпїЅпїЅпїЅпїЅпїЅ /start
2025-04-05 13:48:50,824 - bot_logger - INFO - пїЅпїЅпїЅпїЅпїЅпїЅпїЅ /start
2025-04-05 15:23:42,199 - bot_logger - INFO - пїЅпїЅпїЅпїЅпїЅпїЅпїЅ /start
2025-04-05 15:28:07,257 - bot_logger - INFO - пїЅпїЅпїЅпїЅпїЅпїЅпїЅ /start
2025-04-05 15:28:57,243 - bot_logger - INFO - пїЅпїЅпїЅпїЅпїЅпїЅпїЅ /start
2025-04-05 15:29:26,786 - bot_logger - INFO - пїЅпїЅпїЅпїЅпїЅпїЅпїЅ /start
2025-04-05 15:30:42,528 - bot_logger - INFO - пїЅпїЅпїЅпїЅпїЅпїЅпїЅ /start
2025-04-05 15:33:48,042 - bot_logger - INFO - пїЅпїЅпїЅпїЅпїЅпїЅпїЅ /start
2025-04-05 15:35:01,228 - bot_logger - INFO - пїЅпїЅпїЅпїЅпїЅпїЅпїЅ /start
2025-04-05 15:36:19,337 - bot_logger - INFO - пїЅпїЅпїЅпїЅпїЅпїЅпїЅ /start
2025-04-05 15:39:27,120 - bot_logger - INFO - пїЅпїЅпїЅпїЅпїЅпїЅпїЅ /start
2025-04-05 15:40:06,928 - bot_logger - INFO - пїЅпїЅпїЅпїЅпїЅпїЅпїЅ /start
2025-04-05 15:45:23,385 - bot_logger - INFO - пїЅпїЅпїЅпїЅпїЅпїЅпїЅ /start
2025-04-05 15:50:50,313 - bot_logger - INFO - пїЅпїЅпїЅпїЅпїЅпїЅпїЅ /start
2025-04-05 15:51:14,556 - bot_logger - INFO - пїЅпїЅпїЅпїЅпїЅпїЅпїЅ /start
2025-04-05 15:53:02,280 - bot_logger - INFO - пїЅпїЅпїЅпїЅпїЅпїЅпїЅ /start
2025-04-05 15:58:37,829 - bot_logger - INFO - пїЅпїЅпїЅпїЅпїЅпїЅпїЅ /start
2025-04-05 15:58:39,959 - bot_logger - INFO - пїЅпїЅпїЅпїЅпїЅпїЅпїЅ /start
2025-04-05 21:01:15,153 - bot_logger - INFO - пїЅпїЅпїЅпїЅпїЅпїЅпїЅ /start
2025-04-05 21:01:15,153 - bot_logger - INFO - пїЅпїЅпїЅпїЅпїЅпїЅпїЅ /start
2025-04-05 21:26:57,592 - bot_logger - INFO - пїЅпїЅпїЅпїЅпїЅпїЅпїЅ /start
2025-04-05 21:26:57,592 - bot_logger - INFO - пїЅпїЅпїЅпїЅпїЅпїЅпїЅ /start
2025-04-05 21:29:29,974 - bot_logger - INFO - пїЅпїЅпїЅпїЅпїЅпїЅпїЅ /start
2025-04-05 21:29:29,974 - bot_logger - INFO - пїЅпїЅпїЅпїЅпїЅпїЅпїЅ /start
2025-04-05 21:32:46,007 - bot_logger - INFO - пїЅпїЅпїЅпїЅпїЅпїЅпїЅ /start
2025-04-05 21:32:46,007 - bot_logger - INFO - пїЅпїЅпїЅпїЅпїЅпїЅпїЅ /start
2025-04-05 21:34:42,713 - bot_logger - INFO - пїЅпїЅпїЅпїЅпїЅпїЅпїЅ /start
2025-04-05 21:34:42,713 - bot_logger - INFO - пїЅпїЅпїЅпїЅпїЅпїЅпїЅ /start
2025-04-05 21:50:49,022 - bot_logger - INFO - пїЅпїЅпїЅпїЅпїЅпїЅпїЅ /start
2025-04-05 21:50:49,022 - bot_logger - INFO - пїЅпїЅпїЅпїЅпїЅпїЅпїЅ /start
2025-04-05 21:53:02,523 - bot_logger - INFO - пїЅпїЅпїЅпїЅпїЅпїЅпїЅ /start
2025-04-05 21:53:02,523 - bot_logger - INFO - пїЅпїЅпїЅпїЅпїЅпїЅпїЅ /start
2025-04-05 21:56:47,542 - bot_logger - INFO - пїЅпїЅпїЅпїЅпїЅпїЅпїЅ /start
2025-04-05 21:56:47,542 - bot_logger - INFO - пїЅпїЅпїЅпїЅпїЅпїЅпїЅ /start
2025-04-05 21:58:41,740 - bot_logger - INFO - пїЅпїЅпїЅпїЅпїЅпїЅпїЅ /start
2025-04-05 21:58:41,740 - bot_logger - INFO - пїЅпїЅпїЅпїЅпїЅпїЅпїЅ /start
2025-04-05 22:00:03,757 - bot_logger - INFO - пїЅпїЅпїЅпїЅпїЅпїЅпїЅ /start
2025-04-05 22:00:03,757 - bot_logger - INFO - пїЅпїЅпїЅпїЅпїЅпїЅпїЅ /start
2025-04-05 22:00:31,536 - bot_logger - ERROR - пїЅпїЅпїЅпїЅпїЅпїЅ пїЅпїЅпїЅ пїЅпїЅпїЅпїЅпїЅпїЅпїЅпїЅпїЅпїЅпїЅ пїЅпїЅпїЅпїЅпїЅпїЅпїЅпїЅпїЅпїЅпїЅ пїЅпїЅ пїЅпїЅпїЅпїЅпїЅ: [WinError 10060] пїЅпїЅпїЅпїЅпїЅпїЅпїЅ пїЅпїЅпїЅпїЅпїЅпїЅпїЅпїЅпїЅпїЅ пїЅпїЅпїЅпїЅпїЅпїЅпїЅпїЅпїЅпїЅ пїЅпїЅпїЅпїЅ пїЅпїЅпїЅпїЅпїЅпїЅпїЅпїЅпїЅпїЅпїЅ, пїЅ.пїЅ. пїЅпїЅ пїЅпїЅпїЅпїЅпїЅпїЅпїЅ пїЅпїЅпїЅпїЅпїЅпїЅпїЅпїЅпїЅпїЅ пїЅпїЅ пїЅпїЅпїЅпїЅпїЅпїЅпїЅпїЅпїЅ пїЅпїЅпїЅпїЅпїЅ пїЅпїЅ пїЅпїЅпїЅпїЅпїЅпїЅпїЅ пїЅпїЅпїЅпїЅпїЅпїЅ пїЅпїЅпїЅпїЅпїЅпїЅ, пїЅпїЅпїЅ пїЅпїЅпїЅпїЅ пїЅпїЅпїЅпїЅпїЅпїЅпїЅпїЅпїЅ пїЅпїЅпїЅ пїЅпїЅпїЅпїЅпїЅпїЅпїЅпїЅпїЅпїЅпїЅпїЅпїЅ пїЅпїЅпїЅпїЅпїЅпїЅпїЅпїЅпїЅпїЅ пїЅпїЅ-пїЅпїЅ пїЅпїЅпїЅпїЅпїЅпїЅпїЅпїЅпїЅ пїЅпїЅпїЅпїЅпїЅпїЅпїЅ пїЅпїЅпїЅ пїЅпїЅпїЅпїЅпїЅпїЅпїЅпїЅпїЅпїЅпїЅпїЅпїЅ пїЅпїЅпїЅпїЅпїЅпїЅпїЅпїЅпїЅпїЅ
2025-04-05 22:00:31,536 - bot_logger - ERROR - пїЅпїЅпїЅпїЅпїЅпїЅ пїЅпїЅпїЅ пїЅпїЅпїЅпїЅпїЅпїЅпїЅпїЅпїЅпїЅпїЅ пїЅпїЅпїЅпїЅпїЅпїЅпїЅпїЅпїЅпїЅпїЅ пїЅпїЅ пїЅпїЅпїЅпїЅпїЅ: [WinError 10060] пїЅпїЅпїЅпїЅпїЅпїЅпїЅ пїЅпїЅпїЅпїЅпїЅпїЅпїЅпїЅпїЅпїЅ пїЅпїЅпїЅпїЅпїЅпїЅпїЅпїЅпїЅпїЅ пїЅпїЅпїЅпїЅ пїЅпїЅпїЅпїЅпїЅпїЅпїЅпїЅпїЅпїЅпїЅ, пїЅ.пїЅ. пїЅпїЅ пїЅпїЅпїЅпїЅпїЅпїЅпїЅ пїЅпїЅпїЅпїЅпїЅпїЅпїЅпїЅпїЅпїЅ пїЅпїЅ пїЅпїЅпїЅпїЅпїЅпїЅпїЅпїЅпїЅ пїЅпїЅпїЅпїЅпїЅ пїЅпїЅ пїЅпїЅпїЅпїЅпїЅпїЅпїЅ пїЅпїЅпїЅпїЅпїЅпїЅ пїЅпїЅпїЅпїЅпїЅпїЅ, пїЅпїЅпїЅ пїЅпїЅпїЅпїЅ пїЅпїЅпїЅпїЅпїЅпїЅпїЅпїЅпїЅ пїЅпїЅпїЅ пїЅпїЅпїЅпїЅпїЅпїЅпїЅпїЅпїЅпїЅпїЅпїЅпїЅ пїЅпїЅпїЅпїЅпїЅпїЅпїЅпїЅпїЅпїЅ пїЅпїЅ-пїЅпїЅ пїЅпїЅпїЅпїЅпїЅпїЅпїЅпїЅпїЅ пїЅпїЅпїЅпїЅпїЅпїЅпїЅ пїЅпїЅпїЅ пїЅпїЅпїЅпїЅпїЅпїЅпїЅпїЅпїЅпїЅпїЅпїЅпїЅ пїЅпїЅпїЅпїЅпїЅпїЅпїЅпїЅпїЅпїЅ
2025-04-05 22:04:41,545 - bot_logger - INFO - пїЅпїЅпїЅпїЅпїЅпїЅпїЅ /start
2025-04-05 22:04:41,545 - bot_logger - INFO - пїЅпїЅпїЅпїЅпїЅпїЅпїЅ /start
2025-04-05 22:05:10,259 - bot_logger - ERROR - пїЅпїЅпїЅпїЅпїЅпїЅ пїЅпїЅпїЅ пїЅпїЅпїЅпїЅпїЅпїЅпїЅпїЅпїЅпїЅпїЅ пїЅпїЅпїЅпїЅпїЅпїЅпїЅпїЅпїЅпїЅпїЅ пїЅпїЅ пїЅпїЅпїЅпїЅпїЅ: [WinError 10060] пїЅпїЅпїЅпїЅпїЅпїЅпїЅ пїЅпїЅпїЅпїЅпїЅпїЅпїЅпїЅпїЅпїЅ пїЅпїЅпїЅпїЅпїЅпїЅпїЅпїЅпїЅпїЅ пїЅпїЅпїЅпїЅ пїЅпїЅпїЅпїЅпїЅпїЅпїЅпїЅпїЅпїЅпїЅ, пїЅ.пїЅ. пїЅпїЅ пїЅпїЅпїЅпїЅпїЅпїЅпїЅ пїЅпїЅпїЅпїЅпїЅпїЅпїЅпїЅпїЅпїЅ пїЅпїЅ пїЅпїЅпїЅпїЅпїЅпїЅпїЅпїЅпїЅ пїЅпїЅпїЅпїЅпїЅ пїЅпїЅ пїЅпїЅпїЅпїЅпїЅпїЅпїЅ пїЅпїЅпїЅпїЅпїЅпїЅ пїЅпїЅпїЅпїЅпїЅпїЅ, пїЅпїЅпїЅ пїЅпїЅпїЅпїЅ пїЅпїЅпїЅпїЅпїЅпїЅпїЅпїЅпїЅ пїЅпїЅпїЅ пїЅпїЅпїЅпїЅпїЅпїЅпїЅпїЅпїЅпїЅпїЅпїЅпїЅ пїЅпїЅпїЅпїЅпїЅпїЅпїЅпїЅпїЅпїЅ пїЅпїЅ-пїЅпїЅ пїЅпїЅпїЅпїЅпїЅпїЅпїЅпїЅпїЅ пїЅпїЅпїЅпїЅпїЅпїЅпїЅ пїЅпїЅпїЅ пїЅпїЅпїЅпїЅпїЅпїЅпїЅпїЅпїЅпїЅпїЅпїЅпїЅ пїЅпїЅпїЅпїЅпїЅпїЅпїЅпїЅпїЅпїЅ
2025-04-05 22:05:10,259 - bot_logger - ERROR - пїЅпїЅпїЅпїЅпїЅпїЅ пїЅпїЅпїЅ пїЅпїЅпїЅпїЅпїЅпїЅпїЅпїЅпїЅпїЅпїЅ пїЅпїЅпїЅпїЅпїЅпїЅпїЅпїЅпїЅпїЅпїЅ пїЅпїЅ пїЅпїЅпїЅпїЅпїЅ: [WinError 10060] пїЅпїЅпїЅпїЅпїЅпїЅпїЅ пїЅпїЅпїЅпїЅпїЅпїЅпїЅпїЅпїЅпїЅ пїЅпїЅпїЅпїЅпїЅпїЅпїЅпїЅпїЅпїЅ пїЅпїЅпїЅпїЅ пїЅпїЅпїЅпїЅпїЅпїЅпїЅпїЅпїЅпїЅпїЅ, пїЅ.пїЅ. пїЅпїЅ пїЅпїЅпїЅпїЅпїЅпїЅпїЅ пїЅпїЅпїЅпїЅпїЅпїЅпїЅпїЅпїЅпїЅ пїЅпїЅ пїЅпїЅпїЅпїЅпїЅпїЅпїЅпїЅпїЅ пїЅпїЅпїЅпїЅпїЅ пїЅпїЅ пїЅпїЅпїЅпїЅпїЅпїЅпїЅ пїЅпїЅпїЅпїЅпїЅпїЅ пїЅпїЅпїЅпїЅпїЅпїЅ, пїЅпїЅпїЅ пїЅпїЅпїЅпїЅ пїЅпїЅпїЅпїЅпїЅпїЅпїЅпїЅпїЅ пїЅпїЅпїЅ пїЅпїЅпїЅпїЅпїЅпїЅпїЅпїЅпїЅпїЅпїЅпїЅпїЅ пїЅпїЅпїЅпїЅпїЅпїЅпїЅпїЅпїЅпїЅ пїЅпїЅ-пїЅпїЅ пїЅпїЅпїЅпїЅпїЅпїЅпїЅпїЅпїЅ пїЅпїЅпїЅпїЅпїЅпїЅпїЅ пїЅпїЅпїЅ пїЅпїЅпїЅпїЅпїЅпїЅпїЅпїЅпїЅпїЅпїЅпїЅпїЅ пїЅпїЅпїЅпїЅпїЅпїЅпїЅпїЅпїЅпїЅ
2025-04-05 22:21:36,197 - bot_logger - INFO - пїЅпїЅпїЅпїЅпїЅпїЅпїЅ /start
2025-04-05 22:21:36,197 - bot_logger - INFO - пїЅпїЅпїЅпїЅпїЅпїЅпїЅ /start
2025-04-05 23:33:40,227 - bot_logger - ERROR - Ошибка при отправлении уведомления по почте: Connection unexpectedly closed: [WinError 10053] Программа на вашем хост-компьютере разорвала установленное подключение
2025-04-05 23:33:40,227 - bot_logger - ERROR - Ошибка при отправлении уведомления по почте: Connection unexpectedly closed: [WinError 10053] Программа на вашем хост-компьютере разорвала установленное подключение
2025-04-05 23:40:40,748 - bot_logger - INFO - Команда /start
2025-04-05 23:40:40,748 - bot_logger - INFO - Команда /start
2025-04-05 23:43:06,970 - bot_logger - ERROR - Ошибка при отправлении уведомления по почте: Connection unexpectedly closed
2025-04-05 23:43:06,970 - bot_logger - ERROR - Ошибка при отправлении уведомления по почте: Connection unexpectedly closed
2025-04-06 00:24:52,701 - bot_logger - INFO - Команда /start
2025-04-06 00:24:52,701 - bot_logger - INFO - Команда /start
2025-04-06 00:25:47,725 - bot_logger - ERROR - Ошибка при отправлении уведомления по почте: Connection unexpectedly closed
2025-04-06 00:25:47,725 - bot_logger - ERROR - Ошибка при отправлении уведомления по почте: Connection unexpectedly closed
